2022-02-11 23:50:51,915 - INFO - Starting Server
2022-02-11 23:50:51,930 - INFO - Listening for Connections at Port 22
2022-02-11 23:50:51,930 - INFO - Server Started.
2022-02-11 23:51:26,201 - INFO - Connected (version 2.0, client paramiko_2.9.1)
2022-02-11 23:51:26,341 - INFO - Auth granted (password).
2022-02-11 23:51:48,023 - INFO - Stopping Server
2022-02-11 23:51:48,023 - INFO - No longer listening for Connections at Port 22
2022-02-11 23:51:48,023 - INFO - Server Stopped.
2022-02-11 23:51:48,471 - INFO - Starting Server
2022-02-11 23:51:48,471 - INFO - Listening for Connections at Port 22
2022-02-11 23:51:48,487 - INFO - Server Started.
2022-02-11 23:52:37,980 - INFO - Connected (version 2.0, client paramiko_2.9.1)
2022-02-11 23:52:38,339 - INFO - Auth granted (publickey).
2022-02-11 23:53:53,935 - INFO - Stopping Server
2022-02-11 23:53:53,950 - INFO - No longer listening for Connections at Port 22
2022-02-11 23:53:53,950 - INFO - Server Stopped.
2022-02-11 23:53:54,691 - INFO - Starting Server
2022-02-11 23:53:54,691 - INFO - Listening for Connections at Port 22
2022-02-11 23:53:54,691 - INFO - Server Started.
2022-02-12 00:26:18,834 - INFO - Starting Server
2022-02-12 00:26:18,850 - INFO - Listening for Connections at Port 22
2022-02-12 00:26:18,850 - INFO - Server Started.
2022-02-12 00:26:35,275 - INFO - Connected (version 2.0, client paramiko_2.9.1)
2022-02-12 00:26:35,369 - INFO - Auth granted (password).
2022-02-12 00:27:38,177 - INFO - Stopping Server
2022-02-12 00:27:38,177 - INFO - No longer listening for Connections at Port 22
2022-02-12 00:27:38,177 - INFO - Server Stopped.
2022-02-12 00:55:18,205 - INFO - Starting Server
2022-02-12 00:55:18,237 - INFO - Listening for Connections at Port 22
2022-02-12 00:55:18,237 - INFO - Server Started.
2022-02-12 00:55:31,621 - INFO - Connected (version 2.0, client paramiko_2.9.1)
2022-02-12 00:55:31,684 - INFO - Auth granted (password).
2022-02-12 00:55:36,326 - INFO - Stopping Server
2022-02-12 00:55:36,328 - INFO - No longer listening for Connections at Port 22
2022-02-12 00:55:36,329 - INFO - Server Stopped.
2022-02-12 00:55:37,002 - INFO - Starting Server
2022-02-12 00:55:37,002 - INFO - Listening for Connections at Port 22
2022-02-12 00:55:37,002 - INFO - Server Started.
2022-02-12 00:56:14,849 - INFO - Stopping Server
2022-02-12 00:56:14,849 - INFO - No longer listening for Connections at Port 22
2022-02-12 00:56:14,849 - INFO - Server Stopped.
2022-02-12 00:56:14,896 - INFO - **** Accept Failed: [WinError 10038] An operation was attempted on something that is not a socket
2022-02-12 03:11:11,457 - INFO - Starting Server
2022-02-12 03:11:11,504 - INFO - Listening for Connections at Port 22
2022-02-12 03:11:11,504 - INFO - Server Started.
2022-02-12 03:11:41,859 - INFO - Connected (version 2.0, client paramiko_2.9.1)
2022-02-12 03:11:51,386 - INFO - Stopping Server
2022-02-12 03:11:51,386 - INFO - No longer listening for Connections at Port 22
2022-02-12 03:11:51,386 - INFO - Server Stopped.
2022-02-12 03:11:52,976 - INFO - Starting Server
2022-02-12 03:11:52,976 - INFO - Listening for Connections at Port 22
2022-02-12 03:11:52,976 - INFO - Server Started.
2022-02-12 03:12:31,668 - INFO - Connected (version 2.0, client paramiko_2.9.1)
2022-02-12 03:12:38,949 - INFO - Stopping Server
2022-02-12 03:12:38,949 - INFO - No longer listening for Connections at Port 22
2022-02-12 03:12:38,949 - INFO - Server Stopped.
2022-02-12 03:12:39,792 - INFO - Starting Server
2022-02-12 03:12:39,792 - INFO - Listening for Connections at Port 22
2022-02-12 03:12:39,792 - INFO - Server Started.
2022-02-12 03:13:19,357 - INFO - Connected (version 2.0, client paramiko_2.9.1)
2022-02-12 03:14:18,803 - INFO - Stopping Server
2022-02-12 03:14:18,806 - INFO - No longer listening for Connections at Port 22
2022-02-12 03:14:18,811 - INFO - Server Stopped.
2022-02-12 03:14:19,443 - INFO - Starting Server
2022-02-12 03:14:19,446 - INFO - Listening for Connections at Port 22
2022-02-12 03:14:19,450 - INFO - Server Started.
2022-02-12 03:14:43,821 - INFO - Connected (version 2.0, client paramiko_2.9.1)
2022-02-12 03:14:44,231 - INFO - Auth granted (publickey).
2022-02-12 03:14:57,714 - INFO - Stopping Server
2022-02-12 03:14:57,717 - INFO - No longer listening for Connections at Port 22
2022-02-12 03:14:57,722 - INFO - Server Stopped.
2022-02-12 12:06:39,713 - INFO - Starting Server
2022-02-12 12:06:39,763 - INFO - Listening for Connections at Port 22
2022-02-12 12:06:39,765 - INFO - Server Started.
2022-02-12 12:07:14,433 - INFO - Connected (version 2.0, client paramiko_2.9.1)
2022-02-12 12:07:14,794 - INFO - Auth granted (publickey).
2022-02-12 12:07:19,386 - INFO - Stopping Server
2022-02-12 12:07:19,387 - INFO - No longer listening for Connections at Port 22
2022-02-12 12:07:19,389 - INFO - Server Stopped.
2022-02-12 14:37:05,761 - INFO - Starting Server
2022-02-12 14:37:05,824 - INFO - Listening for Connections at Port 22
2022-02-12 14:37:05,840 - INFO - Server Started.
2022-02-12 14:37:48,642 - INFO - Connected (version 2.0, client paramiko_2.9.1)
2022-02-12 14:37:49,549 - INFO - Auth granted (publickey).
2022-02-12 14:37:54,612 - INFO - Stopping Server
2022-02-12 14:37:54,612 - INFO - No longer listening for Connections at Port 22
2022-02-12 14:37:54,612 - INFO - Server Stopped.
2022-02-12 14:37:55,232 - INFO - Starting Server
2022-02-12 14:37:55,232 - INFO - Listening for Connections at Port 22
2022-02-12 14:37:55,232 - INFO - Server Started.
2022-02-12 14:38:24,578 - INFO - Connected (version 2.0, client paramiko_2.9.1)
2022-02-12 14:38:24,843 - INFO - Auth granted (publickey).
2022-02-12 14:38:43,541 - INFO - Stopping Server
2022-02-12 14:38:43,541 - INFO - No longer listening for Connections at Port 22
2022-02-12 14:38:43,541 - INFO - Server Stopped.
2022-02-12 14:38:44,400 - INFO - Starting Server
2022-02-12 14:38:44,400 - INFO - Listening for Connections at Port 22
2022-02-12 14:38:44,400 - INFO - Server Started.
2022-02-12 14:38:56,565 - INFO - Connected (version 2.0, client paramiko_2.9.1)
2022-02-12 14:38:57,161 - INFO - Auth granted (password).
2022-02-12 14:39:09,625 - INFO - Stopping Server
2022-02-12 14:39:09,625 - INFO - No longer listening for Connections at Port 22
2022-02-12 14:39:09,625 - INFO - Server Stopped.
2022-02-12 14:39:37,963 - INFO - Starting Server
2022-02-12 14:39:37,964 - INFO - Listening for Connections at Port 22
2022-02-12 14:39:37,966 - INFO - Server Started.
2022-02-12 14:40:39,610 - INFO - Connected (version 2.0, client paramiko_2.9.1)
2022-02-12 14:40:39,790 - INFO - Auth granted (publickey).
2022-02-12 14:40:45,851 - INFO - Stopping Server
2022-02-12 14:40:45,853 - INFO - No longer listening for Connections at Port 22
2022-02-12 14:40:45,854 - INFO - Server Stopped.
2022-02-12 16:13:21,947 - INFO - Starting Server
2022-02-12 16:13:21,969 - INFO - Listening for Connections at Port 22
2022-02-12 16:13:21,971 - INFO - Server Started.
2022-02-12 16:13:52,975 - INFO - Connected (version 2.0, client paramiko_2.9.1)
2022-02-12 16:13:53,053 - INFO - Auth granted (password).
2022-02-12 16:14:40,943 - INFO - Stopping Server
2022-02-12 16:14:40,945 - INFO - No longer listening for Connections at Port 22
2022-02-12 16:14:40,946 - INFO - Server Stopped.
2022-02-12 16:14:41,990 - INFO - Starting Server
2022-02-12 16:14:41,994 - INFO - Listening for Connections at Port 22
2022-02-12 16:14:41,999 - INFO - Server Started.
2022-02-12 16:15:11,875 - INFO - Connected (version 2.0, client paramiko_2.9.1)
2022-02-12 16:15:12,194 - INFO - Auth granted (publickey).
2022-02-12 16:29:00,131 - INFO - Stopping Server
2022-02-12 16:29:00,135 - INFO - No longer listening for Connections at Port 22
2022-02-12 16:29:00,138 - INFO - Server Stopped.
